0
0.1 0.1 0.0526316 0.0526316 1 
0.0333333 0.0333333 0.263158 0.0526316 1 
0.0333333 0.166667 0.263158 0.0526316 1 
1
0.1 0.1 0.0526316 0.0526316 1 
0.0333333 0.0333333 0.263158 0.0526316 1 
0.166667 0.0333333 0.263158 0.0526316 1 
2
0.1 0.1 0.0526316 0.0526316 1 
0.0333333 0.166667 0.263158 0.0526316 1 
0.166667 0.0333333 0.263158 0.0526316 1 
3
0.0333333 0.0333333 0.263158 0.0526316 1 
0.0333333 0.166667 0.263158 0.0526316 1 
0.166667 0.0333333 0.263158 0.0526316 1 
4
0.1 0.1 0.0526316 0.0526316 1 
0.166667 0.0333333 0.263158 0.0526316 1 
0.166667 0.166667 0.263158 0.0526316 1 
5
0.1 0.1 0.0526316 0.0526316 1 
0.166667 0.0333333 0.263158 0.0526316 1 
0.0333333 0.0333333 0.263158 0.0526316 1 
6
0.1 0.1 0.0526316 0.0526316 1 
0.166667 0.166667 0.263158 0.0526316 1 
0.0333333 0.0333333 0.263158 0.0526316 1 
7
0.166667 0.0333333 0.263158 0.0526316 1 
0.166667 0.166667 0.263158 0.0526316 1 
0.0333333 0.0333333 0.263158 0.0526316 1 
8
0.1 0.1 0.0526316 0.0526316 1 
0.1 0.5 0.0526316 0.0526316 1 
0.0333333 0.166667 0.263158 0.0526316 1 
9
0.1 0.1 0.0526316 0.0526316 1 
0.1 0.5 0.0526316 0.0526316 1 
0.5 0.5 0.0526316 0.0526316 1 
10
0.1 0.1 0.0526316 0.0526316 1 
0.0333333 0.166667 0.263158 0.0526316 1 
0.5 0.5 0.0526316 0.0526316 1 
11
0.1 0.5 0.0526316 0.0526316 1 
0.0333333 0.166667 0.263158 0.0526316 1 
0.5 0.5 0.0526316 0.0526316 1 
12
0.1 0.1 0.0526316 0.0526316 1 
0.5 0.5 0.0526316 0.0526316 1 
0.166667 0.166667 0.263158 0.0526316 1 
13
0.1 0.1 0.0526316 0.0526316 1 
0.5 0.5 0.0526316 0.0526316 1 
0.1 0.5 0.0526316 0.0526316 1 
14
0.1 0.1 0.0526316 0.0526316 1 
0.166667 0.166667 0.263158 0.0526316 1 
0.1 0.5 0.0526316 0.0526316 1 
15
0.5 0.5 0.0526316 0.0526316 1 
0.166667 0.166667 0.263158 0.0526316 1 
0.1 0.5 0.0526316 0.0526316 1 
16
0.1 0.1 0.0526316 0.0526316 1 
0.5 0.1 0.0526316 0.0526316 1 
0.166667 0.0333333 0.263158 0.0526316 1 
17
0.1 0.1 0.0526316 0.0526316 1 
0.5 0.1 0.0526316 0.0526316 1 
0.5 0.5 0.0526316 0.0526316 1 
18
0.1 0.1 0.0526316 0.0526316 1 
0.166667 0.0333333 0.263158 0.0526316 1 
0.5 0.5 0.0526316 0.0526316 1 
19
0.5 0.1 0.0526316 0.0526316 1 
0.166667 0.0333333 0.263158 0.0526316 1 
0.5 0.5 0.0526316 0.0526316 1 
20
0.1 0.1 0.0526316 0.0526316 1 
0.5 0.5 0.0526316 0.0526316 1 
0.166667 0.166667 0.263158 0.0526316 1 
21
0.1 0.1 0.0526316 0.0526316 1 
0.5 0.5 0.0526316 0.0526316 1 
0.5 0.1 0.0526316 0.0526316 1 
22
0.1 0.1 0.0526316 0.0526316 1 
0.166667 0.166667 0.263158 0.0526316 1 
0.5 0.1 0.0526316 0.0526316 1 
23
0.5 0.5 0.0526316 0.0526316 1 
0.166667 0.166667 0.263158 0.0526316 1 
0.5 0.1 0.0526316 0.0526316 1 
24
0.1 0.1 0.0526316 0.263158 1 
0.0333333 0.0333333 0.263158 0.263158 1 
0.0333333 0.166667 0.263158 0.263158 1 
25
0.1 0.1 0.0526316 0.263158 1 
0.0333333 0.0333333 0.263158 0.263158 1 
0.166667 0.0333333 0.263158 0.263158 1 
26
0.1 0.1 0.0526316 0.263158 1 
0.0333333 0.166667 0.263158 0.263158 1 
0.166667 0.0333333 0.263158 0.263158 1 
27
0.0333333 0.0333333 0.263158 0.263158 1 
0.0333333 0.166667 0.263158 0.263158 1 
0.166667 0.0333333 0.263158 0.263158 1 
28
0.1 0.1 0.0526316 0.263158 1 
0.166667 0.0333333 0.263158 0.263158 1 
0.166667 0.166667 0.263158 0.263158 1 
29
0.1 0.1 0.0526316 0.263158 1 
0.166667 0.0333333 0.263158 0.263158 1 
0.0333333 0.0333333 0.263158 0.263158 1 
30
0.1 0.1 0.0526316 0.263158 1 
0.166667 0.166667 0.263158 0.263158 1 
0.0333333 0.0333333 0.263158 0.263158 1 
31
0.166667 0.0333333 0.263158 0.263158 1 
0.166667 0.166667 0.263158 0.263158 1 
0.0333333 0.0333333 0.263158 0.263158 1 
32
0.1 0.1 0.0526316 0.263158 1 
0.1 0.5 0.0526316 0.263158 1 
0.0333333 0.166667 0.263158 0.263158 1 
33
0.1 0.1 0.0526316 0.263158 1 
0.1 0.5 0.0526316 0.263158 1 
0.5 0.5 0.0526316 0.263158 1 
34
0.1 0.1 0.0526316 0.263158 1 
0.0333333 0.166667 0.263158 0.263158 1 
0.5 0.5 0.0526316 0.263158 1 
35
0.1 0.5 0.0526316 0.263158 1 
0.0333333 0.166667 0.263158 0.263158 1 
0.5 0.5 0.0526316 0.263158 1 
36
0.1 0.1 0.0526316 0.263158 1 
0.5 0.5 0.0526316 0.263158 1 
0.166667 0.166667 0.263158 0.263158 1 
37
0.1 0.1 0.0526316 0.263158 1 
0.5 0.5 0.0526316 0.263158 1 
0.1 0.5 0.0526316 0.263158 1 
38
0.1 0.1 0.0526316 0.263158 1 
0.166667 0.166667 0.263158 0.263158 1 
0.1 0.5 0.0526316 0.263158 1 
39
0.5 0.5 0.0526316 0.263158 1 
0.166667 0.166667 0.263158 0.263158 1 
0.1 0.5 0.0526316 0.263158 1 
40
0.1 0.1 0.0526316 0.263158 1 
0.5 0.1 0.0526316 0.263158 1 
0.166667 0.0333333 0.263158 0.263158 1 
41
0.1 0.1 0.0526316 0.263158 1 
0.5 0.1 0.0526316 0.263158 1 
0.5 0.5 0.0526316 0.263158 1 
42
0.1 0.1 0.0526316 0.263158 1 
0.166667 0.0333333 0.263158 0.263158 1 
0.5 0.5 0.0526316 0.263158 1 
43
0.5 0.1 0.0526316 0.263158 1 
0.166667 0.0333333 0.263158 0.263158 1 
0.5 0.5 0.0526316 0.263158 1 
44
0.1 0.1 0.0526316 0.263158 1 
0.5 0.5 0.0526316 0.263158 1 
0.166667 0.166667 0.263158 0.263158 1 
45
0.1 0.1 0.0526316 0.263158 1 
0.5 0.5 0.0526316 0.263158 1 
0.5 0.1 0.0526316 0.263158 1 
46
0.1 0.1 0.0526316 0.263158 1 
0.166667 0.166667 0.263158 0.263158 1 
0.5 0.1 0.0526316 0.263158 1 
47
0.5 0.5 0.0526316 0.263158 1 
0.166667 0.166667 0.263158 0.263158 1 
0.5 0.1 0.0526316 0.263158 1 
48
0.1 0.1 0.0526316 0.0526316 1 
0.1 0.1 0.0526316 0.263158 1 
0.1 0.5 0.0526316 0.263158 1 
49
0.1 0.1 0.0526316 0.0526316 1 
0.1 0.1 0.0526316 0.263158 1 
0.5 0.1 0.0526316 0.263158 1 
50
0.1 0.1 0.0526316 0.0526316 1 
0.1 0.5 0.0526316 0.263158 1 
0.5 0.1 0.0526316 0.263158 1 
51
0.1 0.1 0.0526316 0.263158 1 
0.1 0.5 0.0526316 0.263158 1 
0.5 0.1 0.0526316 0.263158 1 
52
0.1 0.1 0.0526316 0.0526316 1 
0.5 0.1 0.0526316 0.263158 1 
0.5 0.5 0.0526316 0.263158 1 
53
0.1 0.1 0.0526316 0.0526316 1 
0.5 0.1 0.0526316 0.263158 1 
0.1 0.1 0.0526316 0.263158 1 
54
0.1 0.1 0.0526316 0.0526316 1 
0.5 0.5 0.0526316 0.263158 1 
0.1 0.1 0.0526316 0.263158 1 
55
0.5 0.1 0.0526316 0.263158 1 
0.5 0.5 0.0526316 0.263158 1 
0.1 0.1 0.0526316 0.263158 1 
56
0.1 0.1 0.0526316 0.0526316 1 
0.1 0.5 0.0526316 0.0526316 1 
0.1 0.5 0.0526316 0.263158 1 
57
0.1 0.1 0.0526316 0.0526316 1 
0.1 0.5 0.0526316 0.0526316 1 
0.5 0.5 0.0526316 0.0526316 1 
58
0.1 0.1 0.0526316 0.0526316 1 
0.1 0.5 0.0526316 0.263158 1 
0.5 0.5 0.0526316 0.0526316 1 
59
0.1 0.5 0.0526316 0.0526316 1 
0.1 0.5 0.0526316 0.263158 1 
0.5 0.5 0.0526316 0.0526316 1 
60
0.1 0.1 0.0526316 0.0526316 1 
0.5 0.5 0.0526316 0.0526316 1 
0.5 0.5 0.0526316 0.263158 1 
61
0.1 0.1 0.0526316 0.0526316 1 
0.5 0.5 0.0526316 0.0526316 1 
0.1 0.5 0.0526316 0.0526316 1 
62
0.1 0.1 0.0526316 0.0526316 1 
0.5 0.5 0.0526316 0.263158 1 
0.1 0.5 0.0526316 0.0526316 1 
63
0.5 0.5 0.0526316 0.0526316 1 
0.5 0.5 0.0526316 0.263158 1 
0.1 0.5 0.0526316 0.0526316 1 
64
0.1 0.1 0.0526316 0.0526316 1 
0.5 0.1 0.0526316 0.0526316 1 
0.5 0.1 0.0526316 0.263158 1 
65
0.1 0.1 0.0526316 0.0526316 1 
0.5 0.1 0.0526316 0.0526316 1 
0.5 0.5 0.0526316 0.0526316 1 
66
0.1 0.1 0.0526316 0.0526316 1 
0.5 0.1 0.0526316 0.263158 1 
0.5 0.5 0.0526316 0.0526316 1 
67
0.5 0.1 0.0526316 0.0526316 1 
0.5 0.1 0.0526316 0.263158 1 
0.5 0.5 0.0526316 0.0526316 1 
68
0.1 0.1 0.0526316 0.0526316 1 
0.5 0.5 0.0526316 0.0526316 1 
0.5 0.5 0.0526316 0.263158 1 
69
0.1 0.1 0.0526316 0.0526316 1 
0.5 0.5 0.0526316 0.0526316 1 
0.5 0.1 0.0526316 0.0526316 1 
70
0.1 0.1 0.0526316 0.0526316 1 
0.5 0.5 0.0526316 0.263158 1 
0.5 0.1 0.0526316 0.0526316 1 
71
0.5 0.5 0.0526316 0.0526316 1 
0.5 0.5 0.0526316 0.263158 1 
0.5 0.1 0.0526316 0.0526316 1 
72
0.0333333 0.0333333 0.263158 0.0526316 1 
0.0333333 0.0333333 0.263158 0.263158 1 
0.0333333 0.166667 0.263158 0.263158 1 
73
0.0333333 0.0333333 0.263158 0.0526316 1 
0.0333333 0.0333333 0.263158 0.263158 1 
0.166667 0.0333333 0.263158 0.263158 1 
74
0.0333333 0.0333333 0.263158 0.0526316 1 
0.0333333 0.166667 0.263158 0.263158 1 
0.166667 0.0333333 0.263158 0.263158 1 
75
0.0333333 0.0333333 0.263158 0.263158 1 
0.0333333 0.166667 0.263158 0.263158 1 
0.166667 0.0333333 0.263158 0.263158 1 
76
0.0333333 0.0333333 0.263158 0.0526316 1 
0.166667 0.0333333 0.263158 0.263158 1 
0.166667 0.166667 0.263158 0.263158 1 
77
0.0333333 0.0333333 0.263158 0.0526316 1 
0.166667 0.0333333 0.263158 0.263158 1 
0.0333333 0.0333333 0.263158 0.263158 1 
78
0.0333333 0.0333333 0.263158 0.0526316 1 
0.166667 0.166667 0.263158 0.263158 1 
0.0333333 0.0333333 0.263158 0.263158 1 
79
0.166667 0.0333333 0.263158 0.263158 1 
0.166667 0.166667 0.263158 0.263158 1 
0.0333333 0.0333333 0.263158 0.263158 1 
80
0.0333333 0.0333333 0.263158 0.0526316 1 
0.0333333 0.166667 0.263158 0.0526316 1 
0.0333333 0.166667 0.263158 0.263158 1 
81
0.0333333 0.0333333 0.263158 0.0526316 1 
0.0333333 0.166667 0.263158 0.0526316 1 
0.166667 0.166667 0.263158 0.0526316 1 
82
0.0333333 0.0333333 0.263158 0.0526316 1 
0.0333333 0.166667 0.263158 0.263158 1 
0.166667 0.166667 0.263158 0.0526316 1 
83
0.0333333 0.166667 0.263158 0.0526316 1 
0.0333333 0.166667 0.263158 0.263158 1 
0.166667 0.166667 0.263158 0.0526316 1 
84
0.0333333 0.0333333 0.263158 0.0526316 1 
0.166667 0.166667 0.263158 0.0526316 1 
0.166667 0.166667 0.263158 0.263158 1 
85
0.0333333 0.0333333 0.263158 0.0526316 1 
0.166667 0.166667 0.263158 0.0526316 1 
0.0333333 0.166667 0.263158 0.0526316 1 
86
0.0333333 0.0333333 0.263158 0.0526316 1 
0.166667 0.166667 0.263158 0.263158 1 
0.0333333 0.166667 0.263158 0.0526316 1 
87
0.166667 0.166667 0.263158 0.0526316 1 
0.166667 0.166667 0.263158 0.263158 1 
0.0333333 0.166667 0.263158 0.0526316 1 
88
0.0333333 0.0333333 0.263158 0.0526316 1 
0.166667 0.0333333 0.263158 0.0526316 1 
0.166667 0.0333333 0.263158 0.263158 1 
89
0.0333333 0.0333333 0.263158 0.0526316 1 
0.166667 0.0333333 0.263158 0.0526316 1 
0.166667 0.166667 0.263158 0.0526316 1 
90
0.0333333 0.0333333 0.263158 0.0526316 1 
0.166667 0.0333333 0.263158 0.263158 1 
0.166667 0.166667 0.263158 0.0526316 1 
91
0.166667 0.0333333 0.263158 0.0526316 1 
0.166667 0.0333333 0.263158 0.263158 1 
0.166667 0.166667 0.263158 0.0526316 1 
92
0.0333333 0.0333333 0.263158 0.0526316 1 
0.166667 0.166667 0.263158 0.0526316 1 
0.166667 0.166667 0.263158 0.263158 1 
93
0.0333333 0.0333333 0.263158 0.0526316 1 
0.166667 0.166667 0.263158 0.0526316 1 
0.166667 0.0333333 0.263158 0.0526316 1 
94
0.0333333 0.0333333 0.263158 0.0526316 1 
0.166667 0.166667 0.263158 0.263158 1 
0.166667 0.0333333 0.263158 0.0526316 1 
95
0.166667 0.166667 0.263158 0.0526316 1 
0.166667 0.166667 0.263158 0.263158 1 
0.166667 0.0333333 0.263158 0.0526316 1 
96
0.1 0.1 0.0526316 0.0526316 1 
0.1 0.1 0.0526316 0.263158 1 
0.0333333 0.0333333 0.263158 0.263158 1 
97
0.1 0.1 0.0526316 0.0526316 1 
0.1 0.1 0.0526316 0.263158 1 
0.5 0.1 0.0526316 0.263158 1 
98
0.1 0.1 0.0526316 0.0526316 1 
0.0333333 0.0333333 0.263158 0.263158 1 
0.5 0.1 0.0526316 0.263158 1 
99
0.1 0.1 0.0526316 0.263158 1 
0.0333333 0.0333333 0.263158 0.263158 1 
0.5 0.1 0.0526316 0.263158 1 
100
0.1 0.1 0.0526316 0.0526316 1 
0.5 0.1 0.0526316 0.263158 1 
0.166667 0.0333333 0.263158 0.263158 1 
101
0.1 0.1 0.0526316 0.0526316 1 
0.5 0.1 0.0526316 0.263158 1 
0.1 0.1 0.0526316 0.263158 1 
102
0.1 0.1 0.0526316 0.0526316 1 
0.166667 0.0333333 0.263158 0.263158 1 
0.1 0.1 0.0526316 0.263158 1 
103
0.5 0.1 0.0526316 0.263158 1 
0.166667 0.0333333 0.263158 0.263158 1 
0.1 0.1 0.0526316 0.263158 1 
104
0.1 0.1 0.0526316 0.0526316 1 
0.0333333 0.0333333 0.263158 0.0526316 1 
0.0333333 0.0333333 0.263158 0.263158 1 
105
0.1 0.1 0.0526316 0.0526316 1 
0.0333333 0.0333333 0.263158 0.0526316 1 
0.166667 0.0333333 0.263158 0.0526316 1 
106
0.1 0.1 0.0526316 0.0526316 1 
0.0333333 0.0333333 0.263158 0.263158 1 
0.166667 0.0333333 0.263158 0.0526316 1 
107
0.0333333 0.0333333 0.263158 0.0526316 1 
0.0333333 0.0333333 0.263158 0.263158 1 
0.166667 0.0333333 0.263158 0.0526316 1 
108
0.1 0.1 0.0526316 0.0526316 1 
0.166667 0.0333333 0.263158 0.0526316 1 
0.166667 0.0333333 0.263158 0.263158 1 
109
0.1 0.1 0.0526316 0.0526316 1 
0.166667 0.0333333 0.263158 0.0526316 1 
0.0333333 0.0333333 0.263158 0.0526316 1 
110
0.1 0.1 0.0526316 0.0526316 1 
0.166667 0.0333333 0.263158 0.263158 1 
0.0333333 0.0333333 0.263158 0.0526316 1 
111
0.166667 0.0333333 0.263158 0.0526316 1 
0.166667 0.0333333 0.263158 0.263158 1 
0.0333333 0.0333333 0.263158 0.0526316 1 
112
0.1 0.1 0.0526316 0.0526316 1 
0.5 0.1 0.0526316 0.0526316 1 
0.5 0.1 0.0526316 0.263158 1 
113
0.1 0.1 0.0526316 0.0526316 1 
0.5 0.1 0.0526316 0.0526316 1 
0.166667 0.0333333 0.263158 0.0526316 1 
114
0.1 0.1 0.0526316 0.0526316 1 
0.5 0.1 0.0526316 0.263158 1 
0.166667 0.0333333 0.263158 0.0526316 1 
115
0.5 0.1 0.0526316 0.0526316 1 
0.5 0.1 0.0526316 0.263158 1 
0.166667 0.0333333 0.263158 0.0526316 1 
116
0.1 0.1 0.0526316 0.0526316 1 
0.166667 0.0333333 0.263158 0.0526316 1 
0.166667 0.0333333 0.263158 0.263158 1 
117
0.1 0.1 0.0526316 0.0526316 1 
0.166667 0.0333333 0.263158 0.0526316 1 
0.5 0.1 0.0526316 0.0526316 1 
118
0.1 0.1 0.0526316 0.0526316 1 
0.166667 0.0333333 0.263158 0.263158 1 
0.5 0.1 0.0526316 0.0526316 1 
119
0.166667 0.0333333 0.263158 0.0526316 1 
0.166667 0.0333333 0.263158 0.263158 1 
0.5 0.1 0.0526316 0.0526316 1 
120
0.1 0.5 0.0526316 0.0526316 1 
0.1 0.5 0.0526316 0.263158 1 
0.0333333 0.166667 0.263158 0.263158 1 
121
0.1 0.5 0.0526316 0.0526316 1 
0.1 0.5 0.0526316 0.263158 1 
0.5 0.5 0.0526316 0.263158 1 
122
0.1 0.5 0.0526316 0.0526316 1 
0.0333333 0.166667 0.263158 0.263158 1 
0.5 0.5 0.0526316 0.263158 1 
123
0.1 0.5 0.0526316 0.263158 1 
0.0333333 0.166667 0.263158 0.263158 1 
0.5 0.5 0.0526316 0.263158 1 
124
0.1 0.5 0.0526316 0.0526316 1 
0.5 0.5 0.0526316 0.263158 1 
0.166667 0.166667 0.263158 0.263158 1 
125
0.1 0.5 0.0526316 0.0526316 1 
0.5 0.5 0.0526316 0.263158 1 
0.1 0.5 0.0526316 0.263158 1 
126
0.1 0.5 0.0526316 0.0526316 1 
0.166667 0.166667 0.263158 0.263158 1 
0.1 0.5 0.0526316 0.263158 1 
127
0.5 0.5 0.0526316 0.263158 1 
0.166667 0.166667 0.263158 0.263158 1 
0.1 0.5 0.0526316 0.263158 1 
128
0.1 0.5 0.0526316 0.0526316 1 
0.0333333 0.166667 0.263158 0.0526316 1 
0.0333333 0.166667 0.263158 0.263158 1 
129
0.1 0.5 0.0526316 0.0526316 1 
0.0333333 0.166667 0.263158 0.0526316 1 
0.166667 0.166667 0.263158 0.0526316 1 
130
0.1 0.5 0.0526316 0.0526316 1 
0.0333333 0.166667 0.263158 0.263158 1 
0.166667 0.166667 0.263158 0.0526316 1 
131
0.0333333 0.166667 0.263158 0.0526316 1 
0.0333333 0.166667 0.263158 0.263158 1 
0.166667 0.166667 0.263158 0.0526316 1 
132
0.1 0.5 0.0526316 0.0526316 1 
0.166667 0.166667 0.263158 0.0526316 1 
0.166667 0.166667 0.263158 0.263158 1 
133
0.1 0.5 0.0526316 0.0526316 1 
0.166667 0.166667 0.263158 0.0526316 1 
0.0333333 0.166667 0.263158 0.0526316 1 
134
0.1 0.5 0.0526316 0.0526316 1 
0.166667 0.166667 0.263158 0.263158 1 
0.0333333 0.166667 0.263158 0.0526316 1 
135
0.166667 0.166667 0.263158 0.0526316 1 
0.166667 0.166667 0.263158 0.263158 1 
0.0333333 0.166667 0.263158 0.0526316 1 
136
0.1 0.5 0.0526316 0.0526316 1 
0.5 0.5 0.0526316 0.0526316 1 
0.5 0.5 0.0526316 0.263158 1 
137
0.1 0.5 0.0526316 0.0526316 1 
0.5 0.5 0.0526316 0.0526316 1 
0.166667 0.166667 0.263158 0.0526316 1 
138
0.1 0.5 0.0526316 0.0526316 1 
0.5 0.5 0.0526316 0.263158 1 
0.166667 0.166667 0.263158 0.0526316 1 
139
0.5 0.5 0.0526316 0.0526316 1 
0.5 0.5 0.0526316 0.263158 1 
0.166667 0.166667 0.263158 0.0526316 1 
140
0.1 0.5 0.0526316 0.0526316 1 
0.166667 0.166667 0.263158 0.0526316 1 
0.166667 0.166667 0.263158 0.263158 1 
141
0.1 0.5 0.0526316 0.0526316 1 
0.166667 0.166667 0.263158 0.0526316 1 
0.5 0.5 0.0526316 0.0526316 1 
142
0.1 0.5 0.0526316 0.0526316 1 
0.166667 0.166667 0.263158 0.263158 1 
0.5 0.5 0.0526316 0.0526316 1 
143
0.166667 0.166667 0.263158 0.0526316 1 
0.166667 0.166667 0.263158 0.263158 1 
0.5 0.5 0.0526316 0.0526316 1 
144
0.1 0.1 0.0526316 0.0526316 1 
0.1 0.1 0.0526316 0.263158 1 
0.0333333 0.0333333 0.263158 0.263158 1 
145
0.1 0.1 0.0526316 0.0526316 1 
0.1 0.1 0.0526316 0.263158 1 
0.1 0.5 0.0526316 0.263158 1 
146
0.1 0.1 0.0526316 0.0526316 1 
0.0333333 0.0333333 0.263158 0.263158 1 
0.1 0.5 0.0526316 0.263158 1 
147
0.1 0.1 0.0526316 0.263158 1 
0.0333333 0.0333333 0.263158 0.263158 1 
0.1 0.5 0.0526316 0.263158 1 
148
0.1 0.1 0.0526316 0.0526316 1 
0.1 0.5 0.0526316 0.263158 1 
0.0333333 0.166667 0.263158 0.263158 1 
149
0.1 0.1 0.0526316 0.0526316 1 
0.1 0.5 0.0526316 0.263158 1 
0.1 0.1 0.0526316 0.263158 1 
150
0.1 0.1 0.0526316 0.0526316 1 
0.0333333 0.166667 0.263158 0.263158 1 
0.1 0.1 0.0526316 0.263158 1 
151
0.1 0.5 0.0526316 0.263158 1 
0.0333333 0.166667 0.263158 0.263158 1 
0.1 0.1 0.0526316 0.263158 1 
152
0.1 0.1 0.0526316 0.0526316 1 
0.0333333 0.0333333 0.263158 0.0526316 1 
0.0333333 0.0333333 0.263158 0.263158 1 
153
0.1 0.1 0.0526316 0.0526316 1 
0.0333333 0.0333333 0.263158 0.0526316 1 
0.0333333 0.166667 0.263158 0.0526316 1 
154
0.1 0.1 0.0526316 0.0526316 1 
0.0333333 0.0333333 0.263158 0.263158 1 
0.0333333 0.166667 0.263158 0.0526316 1 
155
0.0333333 0.0333333 0.263158 0.0526316 1 
0.0333333 0.0333333 0.263158 0.263158 1 
0.0333333 0.166667 0.263158 0.0526316 1 
156
0.1 0.1 0.0526316 0.0526316 1 
0.0333333 0.166667 0.263158 0.0526316 1 
0.0333333 0.166667 0.263158 0.263158 1 
157
0.1 0.1 0.0526316 0.0526316 1 
0.0333333 0.166667 0.263158 0.0526316 1 
0.0333333 0.0333333 0.263158 0.0526316 1 
158
0.1 0.1 0.0526316 0.0526316 1 
0.0333333 0.166667 0.263158 0.263158 1 
0.0333333 0.0333333 0.263158 0.0526316 1 
159
0.0333333 0.166667 0.263158 0.0526316 1 
0.0333333 0.166667 0.263158 0.263158 1 
0.0333333 0.0333333 0.263158 0.0526316 1 
160
0.1 0.1 0.0526316 0.0526316 1 
0.1 0.5 0.0526316 0.0526316 1 
0.1 0.5 0.0526316 0.263158 1 
161
0.1 0.1 0.0526316 0.0526316 1 
0.1 0.5 0.0526316 0.0526316 1 
0.0333333 0.166667 0.263158 0.0526316 1 
162
0.1 0.1 0.0526316 0.0526316 1 
0.1 0.5 0.0526316 0.263158 1 
0.0333333 0.166667 0.263158 0.0526316 1 
163
0.1 0.5 0.0526316 0.0526316 1 
0.1 0.5 0.0526316 0.263158 1 
0.0333333 0.166667 0.263158 0.0526316 1 
164
0.1 0.1 0.0526316 0.0526316 1 
0.0333333 0.166667 0.263158 0.0526316 1 
0.0333333 0.166667 0.263158 0.263158 1 
165
0.1 0.1 0.0526316 0.0526316 1 
0.0333333 0.166667 0.263158 0.0526316 1 
0.1 0.5 0.0526316 0.0526316 1 
166
0.1 0.1 0.0526316 0.0526316 1 
0.0333333 0.166667 0.263158 0.263158 1 
0.1 0.5 0.0526316 0.0526316 1 
167
0.0333333 0.166667 0.263158 0.0526316 1 
0.0333333 0.166667 0.263158 0.263158 1 
0.1 0.5 0.0526316 0.0526316 1 
168
0.5 0.1 0.0526316 0.0526316 1 
0.5 0.1 0.0526316 0.263158 1 
0.166667 0.0333333 0.263158 0.263158 1 
169
0.5 0.1 0.0526316 0.0526316 1 
0.5 0.1 0.0526316 0.263158 1 
0.5 0.5 0.0526316 0.263158 1 
170
0.5 0.1 0.0526316 0.0526316 1 
0.166667 0.0333333 0.263158 0.263158 1 
0.5 0.5 0.0526316 0.263158 1 
171
0.5 0.1 0.0526316 0.263158 1 
0.166667 0.0333333 0.263158 0.263158 1 
0.5 0.5 0.0526316 0.263158 1 
172
0.5 0.1 0.0526316 0.0526316 1 
0.5 0.5 0.0526316 0.263158 1 
0.166667 0.166667 0.263158 0.263158 1 
173
0.5 0.1 0.0526316 0.0526316 1 
0.5 0.5 0.0526316 0.263158 1 
0.5 0.1 0.0526316 0.263158 1 
174
0.5 0.1 0.0526316 0.0526316 1 
0.166667 0.166667 0.263158 0.263158 1 
0.5 0.1 0.0526316 0.263158 1 
175
0.5 0.5 0.0526316 0.263158 1 
0.166667 0.166667 0.263158 0.263158 1 
0.5 0.1 0.0526316 0.263158 1 
176
0.5 0.1 0.0526316 0.0526316 1 
0.166667 0.0333333 0.263158 0.0526316 1 
0.166667 0.0333333 0.263158 0.263158 1 
177
0.5 0.1 0.0526316 0.0526316 1 
0.166667 0.0333333 0.263158 0.0526316 1 
0.166667 0.166667 0.263158 0.0526316 1 
178
0.5 0.1 0.0526316 0.0526316 1 
0.166667 0.0333333 0.263158 0.263158 1 
0.166667 0.166667 0.263158 0.0526316 1 
179
0.166667 0.0333333 0.263158 0.0526316 1 
0.166667 0.0333333 0.263158 0.263158 1 
0.166667 0.166667 0.263158 0.0526316 1 
180
0.5 0.1 0.0526316 0.0526316 1 
0.166667 0.166667 0.263158 0.0526316 1 
0.166667 0.166667 0.263158 0.263158 1 
181
0.5 0.1 0.0526316 0.0526316 1 
0.166667 0.166667 0.263158 0.0526316 1 
0.166667 0.0333333 0.263158 0.0526316 1 
182
0.5 0.1 0.0526316 0.0526316 1 
0.166667 0.166667 0.263158 0.263158 1 
0.166667 0.0333333 0.263158 0.0526316 1 
183
0.166667 0.166667 0.263158 0.0526316 1 
0.166667 0.166667 0.263158 0.263158 1 
0.166667 0.0333333 0.263158 0.0526316 1 
184
0.5 0.1 0.0526316 0.0526316 1 
0.5 0.5 0.0526316 0.0526316 1 
0.5 0.5 0.0526316 0.263158 1 
185
0.5 0.1 0.0526316 0.0526316 1 
0.5 0.5 0.0526316 0.0526316 1 
0.166667 0.166667 0.263158 0.0526316 1 
186
0.5 0.1 0.0526316 0.0526316 1 
0.5 0.5 0.0526316 0.263158 1 
0.166667 0.166667 0.263158 0.0526316 1 
187
0.5 0.5 0.0526316 0.0526316 1 
0.5 0.5 0.0526316 0.263158 1 
0.166667 0.166667 0.263158 0.0526316 1 
188
0.5 0.1 0.0526316 0.0526316 1 
0.166667 0.166667 0.263158 0.0526316 1 
0.166667 0.166667 0.263158 0.263158 1 
189
0.5 0.1 0.0526316 0.0526316 1 
0.166667 0.166667 0.263158 0.0526316 1 
0.5 0.5 0.0526316 0.0526316 1 
190
0.5 0.1 0.0526316 0.0526316 1 
0.166667 0.166667 0.263158 0.263158 1 
0.5 0.5 0.0526316 0.0526316 1 
191
0.166667 0.166667 0.263158 0.0526316 1 
0.166667 0.166667 0.263158 0.263158 1 
0.5 0.5 0.0526316 0.0526316 1 
